<?xml version="1.0" encoding="UTF-8"?>
<testng-results ignored="0" total="1" passed="1" failed="0" skipped="0">
  <reporter-output>
  </reporter-output>
  <suite started-at="2025-01-07T15:18:35 IST" name="Default suite" finished-at="2025-01-07T15:19:09 IST" duration-ms="33937">
    <groups>
    </groups>
    <test started-at="2025-01-07T15:18:35 IST" name="Default test" finished-at="2025-01-07T15:19:09 IST" duration-ms="33937">
      <class name="com.Naukri.TestPackage.LoginTest">
        <test-method is-config="true" signature="setUp()[pri:0, instance:com.Naukri.TestPackage.LoginTest@3f191845]" started-at="2025-01-07T15:18:35 IST" name="setUp" finished-at="2025-01-07T15:18:42 IST" duration-ms="7354" status="PASS">
          <reporter-output>
          </reporter-output>
        </test-method> <!-- setUp -->
        <test-method signature="TC001_LoginWithValideCredentials()[pri:0, instance:com.Naukri.TestPackage.LoginTest@3f191845]" started-at="2025-01-07T15:18:42 IST" name="TC001_LoginWithValideCredentials" finished-at="2025-01-07T15:19:08 IST" duration-ms="26519" status="PASS">
          <reporter-output>
          </reporter-output>
        </test-method> <!-- TC001_LoginWithValideCredentials -->
      </class> <!-- com.Naukri.TestPackage.LoginTest -->
    </test> <!-- Default test -->
  </suite> <!-- Default suite -->
</testng-results>
